2024-02_25 16:52:00 [백앤드 맛보기] info : 43299 포트에서 서버가 가동되었습니다.
2024-02_25 16:54:00 [백앤드 맛보기] info : 43299 포트에서 서버가 가동되었습니다.
2024-02_25 16:54:00 [백앤드 맛보기] info : 43299 포트에서 서버가 가동되었습니다.
2024-02_25 16:55:00 [백앤드 맛보기] info : 43299 포트에서 서버가 가동되었습니다.
2024-02_25 16:55:00 [백앤드 맛보기] info : 43299 포트에서 서버가 가동되었습니다.
2024-02_25 16:55:00 [백앤드 맛보기] info : 43299 포트에서 서버가 가동되었습니다.
2024-02_25 16:55:00 [백앤드 맛보기] info : 43299 포트에서 서버가 가동되었습니다.
2024-02_25 16:55:00 [백앤드 맛보기] info : 43299 포트에서 서버가 가동되었습니다.
2024-02_25 16:55:00 [백앤드 맛보기] info : 43299 포트에서 서버가 가동되었습니다.
2024-02_25 16:56:00 [백앤드 맛보기] info : GET / 200 홈화면으로 이동
2024-02_25 16:56:00 [백앤드 맛보기] info : 43299 포트에서 서버가 가동되었습니다.
2024-02_25 16:56:00 [백앤드 맛보기] info : 43299 포트에서 서버가 가동되었습니다.
2024-02_25 16:56:00 [백앤드 맛보기] info : 43299 포트에서 서버가 가동되었습니다.
2024-02_25 16:56:00 [백앤드 맛보기] info : 43299 포트에서 서버가 가동되었습니다.
2024-02_25 16:57:00 [백앤드 맛보기] info : 43299 포트에서 서버가 가동되었습니다.
2024-02_25 16:57:00 [백앤드 맛보기] info : 43299 포트에서 서버가 가동되었습니다.
2024-02_25 16:57:00 [백앤드 맛보기] info : 43299 포트에서 서버가 가동되었습니다.
2024-02_25 16:57:00 [백앤드 맛보기] info : GET / 200 홈화면으로 이동
2024-02_25 16:58:00 [백앤드 맛보기] info : GET /login 200 로그인 화면으로 이동
2024-02_25 16:58:00 [백앤드 맛보기] info : GET /register 200 회원가입 화면으로 이동
2024-02_25 16:59:00 [백앤드 맛보기] info : 43299 포트에서 서버가 가동되었습니다.
2024-02_25 16:59:00 [백앤드 맛보기] info : 43299 포트에서 서버가 가동되었습니다.
2024-02_25 16:59:00 [백앤드 맛보기] info : 43299 포트에서 서버가 가동되었습니다.
2024-02_25 17:00:00 [백앤드 맛보기] info : 43299 포트에서 서버가 가동되었습니다.
2024-02_25 17:00:00 [백앤드 맛보기] info : 43299 포트에서 서버가 가동되었습니다.
2024-02_25 17:00:00 [백앤드 맛보기] info : 43299 포트에서 서버가 가동되었습니다.
2024-02_25 17:00:00 [백앤드 맛보기] info : 43299 포트에서 서버가 가동되었습니다.
2024-02_25 17:00:00 [백앤드 맛보기] info : 43299 포트에서 서버가 가동되었습니다.
2024-02_25 17:00:00 [백앤드 맛보기] info : 43299 포트에서 서버가 가동되었습니다.
2024-02_25 17:00:00 [백앤드 맛보기] info : 43299 포트에서 서버가 가동되었습니다.
2024-02_25 17:00:00 [백앤드 맛보기] info : 43299 포트에서 서버가 가동되었습니다.
2024-02_25 17:00:00 [백앤드 맛보기] info : 43299 포트에서 서버가 가동되었습니다.
2024-02_25 17:00:00 [백앤드 맛보기] info : 43299 포트에서 서버가 가동되었습니다.
2024-02_25 17:00:00 [백앤드 맛보기] info : 43299 포트에서 서버가 가동되었습니다.
2024-02_25 17:00:00 [백앤드 맛보기] info : 43299 포트에서 서버가 가동되었습니다.
2024-02_25 17:00:00 [백앤드 맛보기] info : 43299 포트에서 서버가 가동되었습니다.
2024-02_25 17:00:00 [백앤드 맛보기] info : 43299 포트에서 서버가 가동되었습니다.
2024-02_25 17:00:00 [백앤드 맛보기] info : 43299 포트에서 서버가 가동되었습니다.
2024-02_25 17:00:00 [백앤드 맛보기] info : 43299 포트에서 서버가 가동되었습니다.
2024-02_25 17:00:00 [백앤드 맛보기] info : 43299 포트에서 서버가 가동되었습니다.
2024-02_25 17:00:00 [백앤드 맛보기] info : 43299 포트에서 서버가 가동되었습니다.
2024-02_25 17:01:00 [백앤드 맛보기] info : 43299 포트에서 서버가 가동되었습니다.
2024-02_25 17:01:00 [백앤드 맛보기] info : 43299 포트에서 서버가 가동되었습니다.
2024-02_25 17:01:00 [백앤드 맛보기] info : 43299 포트에서 서버가 가동되었습니다.
2024-02_25 17:01:00 [백앤드 맛보기] info : 43299 포트에서 서버가 가동되었습니다.
2024-02_25 17:01:00 [백앤드 맛보기] info : 43299 포트에서 서버가 가동되었습니다.
2024-02_25 17:01:00 [백앤드 맛보기] info : 43299 포트에서 서버가 가동되었습니다.
2024-02_25 17:01:00 [백앤드 맛보기] info : 43299 포트에서 서버가 가동되었습니다.
2024-02_25 17:01:00 [백앤드 맛보기] info : 43299 포트에서 서버가 가동되었습니다.
2024-02_25 17:02:00 [백앤드 맛보기] info : 43299 포트에서 서버가 가동되었습니다.
2024-02_25 17:02:00 [백앤드 맛보기] info : POST /login 200 response: success: false, msg : TypeError: Cannot destructure property 'id' of '(intermediate value)' as it is undefined.
2024-02_25 17:04:00 [백앤드 맛보기] info : 43299 포트에서 서버가 가동되었습니다.
2024-02_25 17:04:00 [백앤드 맛보기] info : 43299 포트에서 서버가 가동되었습니다.
2024-02_25 17:05:00 [백앤드 맛보기] info : 43299 포트에서 서버가 가동되었습니다.
2024-02_25 17:05:00 [백앤드 맛보기] info : 43299 포트에서 서버가 가동되었습니다.
2024-02_25 17:05:00 [백앤드 맛보기] info : 43299 포트에서 서버가 가동되었습니다.
2024-02_25 17:05:00 [백앤드 맛보기] info : GET /login 200 로그인 화면으로 이동
2024-02_25 17:06:00 [백앤드 맛보기] info : POST /login 200 response: success: false, msg : 비밀번호가 틀렸습니다.
2024-02_25 17:06:00 [백앤드 맛보기] info : 43299 포트에서 서버가 가동되었습니다.
2024-02_25 17:06:00 [백앤드 맛보기] info : 43299 포트에서 서버가 가동되었습니다.
2024-02_25 17:06:00 [백앤드 맛보기] info : 43299 포트에서 서버가 가동되었습니다.
2024-02_25 17:06:00 [백앤드 맛보기] info : 43299 포트에서 서버가 가동되었습니다.
2024-02_25 17:07:00 [백앤드 맛보기] info : 43299 포트에서 서버가 가동되었습니다.
2024-02_25 17:08:00 [백앤드 맛보기] info : 43299 포트에서 서버가 가동되었습니다.
2024-02_25 17:08:00 [백앤드 맛보기] info : POST /login 200 response: success: false, msg : Error: ER_NO_SUCH_TABLE: Table 'login_lecture.abc' doesn't exist
2024-02_25 17:09:00 [백앤드 맛보기] info : 43299 포트에서 서버가 가동되었습니다.
2024-02_25 17:09:00 [백앤드 맛보기] info : 43299 포트에서 서버가 가동되었습니다.
2024-02_25 17:09:00 [백앤드 맛보기] info : 43299 포트에서 서버가 가동되었습니다.
2024-02_25 17:10:00 [백앤드 맛보기] info : 43299 포트에서 서버가 가동되었습니다.
2024-02_25 17:10:00 [백앤드 맛보기] info : 43299 포트에서 서버가 가동되었습니다.
2024-02_25 17:10:00 [백앤드 맛보기] info : 43299 포트에서 서버가 가동되었습니다.
2024-02_25 17:10:00 [백앤드 맛보기] info : 43299 포트에서 서버가 가동되었습니다.
2024-02_25 17:10:00 [백앤드 맛보기] info : 43299 포트에서 서버가 가동되었습니다.
2024-02_25 17:10:00 [백앤드 맛보기] info : 43299 포트에서 서버가 가동되었습니다.
2024-02_25 17:10:00 [백앤드 맛보기] info : 43299 포트에서 서버가 가동되었습니다.
2024-02_25 17:11:00 [백앤드 맛보기] info : 43299 포트에서 서버가 가동되었습니다.
2024-02_25 17:11:00 [백앤드 맛보기] info : 43299 포트에서 서버가 가동되었습니다.
2024-02_25 17:11:00 [백앤드 맛보기] info : 43299 포트에서 서버가 가동되었습니다.
2024-02_25 17:11:00 [백앤드 맛보기] info : 43299 포트에서 서버가 가동되었습니다.
2024-02_25 17:11:00 [백앤드 맛보기] info : 43299 포트에서 서버가 가동되었습니다.
2024-02_25 17:11:00 [백앤드 맛보기] info : 43299 포트에서 서버가 가동되었습니다.
2024-02_25 17:11:00 [백앤드 맛보기] info : 43299 포트에서 서버가 가동되었습니다.
2024-02_25 17:11:00 [백앤드 맛보기] error : POST /login 200 response: success: false, msg : Error: ER_NO_SUCH_TABLE: Table 'login_lecture.abc' doesn't exist
2024-02_25 17:12:00 [백앤드 맛보기] info : 43299 포트에서 서버가 가동되었습니다.
2024-02_25 17:13:00 [백앤드 맛보기] info : 43299 포트에서 서버가 가동되었습니다.
2024-02_25 17:13:00 [백앤드 맛보기] info : 43299 포트에서 서버가 가동되었습니다.
2024-02_25 17:13:00 [백앤드 맛보기] info : 43299 포트에서 서버가 가동되었습니다.
2024-02_25 17:13:00 [백앤드 맛보기] info : 43299 포트에서 서버가 가동되었습니다.
2024-02_25 17:13:00 [백앤드 맛보기] info : 43299 포트에서 서버가 가동되었습니다.
2024-02_25 17:13:00 [백앤드 맛보기] info : 43299 포트에서 서버가 가동되었습니다.
2024-02_25 17:13:00 [백앤드 맛보기] error : POST /login 200 response: success: false, msg : Error: ER_NO_SUCH_TABLE: Table 'login_lecture.abc' doesn't exist
2024-02_25 17:13:00 [백앤드 맛보기] info : GET /login 200 로그인 화면으로 이동
2024-02_25 17:13:00 [백앤드 맛보기] error : POST /login 200 response: success: false, msg : Error: ER_NO_SUCH_TABLE: Table 'login_lecture.abc' doesn't exist
2024-02_25 17:14:00 [백앤드 맛보기] info : 43299 포트에서 서버가 가동되었습니다.
2024-02_25 17:14:00 [백앤드 맛보기] info : 43299 포트에서 서버가 가동되었습니다.
2024-02_25 17:18:00 [백앤드 맛보기] info : 43299 포트에서 서버가 가동되었습니다.
2024-02_25 17:18:00 [백앤드 맛보기] info : 43299 포트에서 서버가 가동되었습니다.
2024-02_25 17:18:00 [백앤드 맛보기] info : 43299 포트에서 서버가 가동되었습니다.
2024-02_25 17:18:00 [백앤드 맛보기] info : 43299 포트에서 서버가 가동되었습니다.
2024-02_25 17:18:00 [백앤드 맛보기] info : GET /register 200 회원가입 화면으로 이동
2024-02_25 17:19:00 [백앤드 맛보기] info : 43299 포트에서 서버가 가동되었습니다.
2024-02_25 17:19:00 [백앤드 맛보기] error : POST /login 200 response: success: false, msg : Error: ER_NO_SUCH_TABLE: Table 'login_lecture.abc' doesn't exist
2024-02_25 17:19:00 [백앤드 맛보기] info : 43299 포트에서 서버가 가동되었습니다.
2024-02_25 17:19:00 [백앤드 맛보기] info : GET /register 200 회원가입 화면으로 이동
2024-02_25 17:19:00 [백앤드 맛보기] error : POST /register 200 response: success: false, msg : Error: ER_NO_SUCH_TABLE: Table 'login_lecture.abc' doesn't exist
2024-02_25 17:21:00 [백앤드 맛보기] info : 43299 포트에서 서버가 가동되었습니다.
2024-02_25 17:21:00 [백앤드 맛보기] info : 43299 포트에서 서버가 가동되었습니다.
2024-02_25 17:21:00 [백앤드 맛보기] info : 43299 포트에서 서버가 가동되었습니다.
2024-02_25 17:21:00 [백앤드 맛보기] info : 43299 포트에서 서버가 가동되었습니다.
2024-02_25 17:21:00 [백앤드 맛보기] info : 43299 포트에서 서버가 가동되었습니다.
2024-02_25 17:21:00 [백앤드 맛보기] info : 43299 포트에서 서버가 가동되었습니다.
2024-02_25 17:22:00 [백앤드 맛보기] info : 43299 포트에서 서버가 가동되었습니다.
2024-02_25 17:22:00 [백앤드 맛보기] info : 43299 포트에서 서버가 가동되었습니다.
2024-02_25 17:22:00 [백앤드 맛보기] info : 43299 포트에서 서버가 가동되었습니다.
2024-02_25 17:22:00 [백앤드 맛보기] info : 43299 포트에서 서버가 가동되었습니다.
2024-02_25 17:22:00 [백앤드 맛보기] info : 43299 포트에서 서버가 가동되었습니다.
2024-02_25 17:22:00 [백앤드 맛보기] info : 43299 포트에서 서버가 가동되었습니다.
2024-02_25 17:22:00 [백앤드 맛보기] info : 43299 포트에서 서버가 가동되었습니다.
2024-02_25 17:22:00 [백앤드 맛보기] info : 43299 포트에서 서버가 가동되었습니다.
2024-02_25 17:23:00 [백앤드 맛보기] info : 43299 포트에서 서버가 가동되었습니다.
2024-02_25 17:23:00 [백앤드 맛보기] info : 43299 포트에서 서버가 가동되었습니다.
2024-02_25 17:23:00 [백앤드 맛보기] info : 43299 포트에서 서버가 가동되었습니다.
2024-02_25 17:23:00 [백앤드 맛보기] info : 43299 포트에서 서버가 가동되었습니다.
2024-02_25 17:24:00 [백앤드 맛보기] info : 43299 포트에서 서버가 가동되었습니다.
2024-02_25 17:24:00 [백앤드 맛보기] info : 43299 포트에서 서버가 가동되었습니다.
2024-02_25 17:25:00 [백앤드 맛보기] info : 43299 포트에서 서버가 가동되었습니다.
2024-02_25 17:25:00 [백앤드 맛보기] info : 43299 포트에서 서버가 가동되었습니다.
2024-02_25 17:26:00 [백앤드 맛보기] info : 43299 포트에서 서버가 가동되었습니다.
2024-02_25 17:27:00 [백앤드 맛보기] info : 43299 포트에서 서버가 가동되었습니다.
2024-02_25 17:27:00 [백앤드 맛보기] info : 43299 포트에서 서버가 가동되었습니다.
2024-02_25 17:27:00 [백앤드 맛보기] info : 43299 포트에서 서버가 가동되었습니다.
2024-02_25 17:27:00 [백앤드 맛보기] info : 43299 포트에서 서버가 가동되었습니다.
2024-02_25 17:27:00 [백앤드 맛보기] info : GET / 200 홈화면으로 이동
2024-02_25 17:27:00 [백앤드 맛보기] info : ::ffff:172.16.11.148 - - [25/Feb/2024:08:27:39 +0000] "GET / HTTP/1.1" 304 -

2024-02_25 17:27:00 [백앤드 맛보기] info : GET /login 200 로그인 화면으로 이동
2024-02_25 17:27:00 [백앤드 맛보기] info : ::ffff:172.16.11.148 - - [25/Feb/2024:08:27:47 +0000] "GET /login HTTP/1.1" 200 806

2024-02_25 17:27:00 [백앤드 맛보기] info : GET /register 200 회원가입 화면으로 이동
2024-02_25 17:27:00 [백앤드 맛보기] info : ::ffff:172.16.11.148 - - [25/Feb/2024:08:27:56 +0000] "GET /register HTTP/1.1" 200 954

2024-02_25 17:28:00 [백앤드 맛보기] info : 43299 포트에서 서버가 가동되었습니다.
2024-02_25 17:28:00 [백앤드 맛보기] info : GET /register 200 회원가입 화면으로 이동
2024-02_25 17:28:00 [백앤드 맛보기] info : GET /register 304 - - 14.982 ms

